2021.08.20 12:02:48 INFO  app[][o.s.a.AppFileSystem] Cleaning or creating temp directory /opt/sonarqube/temp
2021.08.20 12:02:48 INFO  app[][o.s.a.es.EsSettings] Elasticsearch listening on /127.0.0.1:9001
2021.08.20 12:02:48 INFO  app[][o.s.a.ProcessLauncherImpl] Launch process[[key='es', ipcIndex=1, logFilenamePrefix=es]] from [/opt/sonarqube/elasticsearch]: /opt/sonarqube/elasticsearch/bin/elasticsearch
2021.08.20 12:02:48 INFO  app[][o.s.a.SchedulerImpl] Waiting for Elasticsearch to be up and running
2021.08.20 12:02:49 INFO  app[][o.e.p.PluginsService] no modules loaded
2021.08.20 12:02:49 INFO  app[][o.e.p.PluginsService] loaded plugin [org.elasticsearch.transport.Netty4Plugin]
2021.08.20 12:03:03 INFO  app[][o.s.a.SchedulerImpl] Process[es] is up
2021.08.20 12:03:03 INFO  app[][o.s.a.ProcessLauncherImpl] Launch process[[key='web', ipcIndex=2, logFilenamePrefix=web]] from [/opt/sonarqube]: /usr/local/openjdk-11/bin/java -Djava.awt.headless=true -Dfile.encoding=UTF-8 -Djava.io.tmpdir=/opt/sonarqube/temp --add-opens=java.base/java.util=ALL-UNNAMED --add-opens=java.base/java.lang=ALL-UNNAMED --add-opens=java.base/java.io=ALL-UNNAMED --add-opens=java.rmi/sun.rmi.transport=ALL-UNNAMED -Xmx512m -Xms128m -XX:+HeapDumpOnOutOfMemoryError -Djava.security.egd=file:/dev/./urandom -Dhttp.nonProxyHosts=localhost|127.*|[::1] -cp ./lib/common/*:/opt/sonarqube/lib/jdbc/h2/h2-1.3.176.jar org.sonar.server.app.WebServer /opt/sonarqube/temp/sq-process7438604233637237079properties
2021.08.20 12:03:49 INFO  app[][o.s.a.SchedulerImpl] Process[web] is up
2021.08.20 12:03:49 INFO  app[][o.s.a.ProcessLauncherImpl] Launch process[[key='ce', ipcIndex=3, logFilenamePrefix=ce]] from [/opt/sonarqube]: /usr/local/openjdk-11/bin/java -Djava.awt.headless=true -Dfile.encoding=UTF-8 -Djava.io.tmpdir=/opt/sonarqube/temp --add-opens=java.base/java.util=ALL-UNNAMED -Xmx512m -Xms128m -XX:+HeapDumpOnOutOfMemoryError -Dhttp.nonProxyHosts=localhost|127.*|[::1] -cp ./lib/common/*:/opt/sonarqube/lib/jdbc/h2/h2-1.3.176.jar org.sonar.ce.app.CeServer /opt/sonarqube/temp/sq-process1564201034422479415properties
2021.08.20 12:03:54 INFO  app[][o.s.a.SchedulerImpl] Process[ce] is up
2021.08.20 12:03:54 INFO  app[][o.s.a.SchedulerImpl] SonarQube is up
2021.08.20 12:27:32 INFO  app[][o.s.a.SchedulerImpl] SQ restart requested by Process[web]
2021.08.20 12:27:33 INFO  app[][o.s.a.SchedulerImpl] Process[ce] is stopped
2021.08.20 12:27:34 INFO  app[][o.s.a.SchedulerImpl] Process[web] is stopped
2021.08.20 12:27:34 INFO  app[][o.s.a.SchedulerImpl] Process[es] is stopped
2021.08.20 12:27:34 WARN  app[][o.s.a.p.AbstractManagedProcess] Process exited with exit value [es]: 143
2021.08.20 12:27:34 INFO  app[][o.s.a.SchedulerImpl] SonarQube is restarting
2021.08.20 12:27:34 WARN  app[][o.s.a.c.AppSettingsLoaderImpl] Configuration file not found: /opt/sonarqube/conf/sonar.properties
2021.08.20 12:27:34 INFO  app[][o.s.a.AppFileSystem] Cleaning or creating temp directory /opt/sonarqube/temp
2021.08.20 12:27:34 INFO  app[][o.s.a.es.EsSettings] Elasticsearch listening on /127.0.0.1:9001
2021.08.20 12:27:34 INFO  app[][o.s.a.ProcessLauncherImpl] Launch process[[key='es', ipcIndex=1, logFilenamePrefix=es]] from [/opt/sonarqube/elasticsearch]: /opt/sonarqube/elasticsearch/bin/elasticsearch
2021.08.20 12:27:34 INFO  app[][o.e.p.PluginsService] no modules loaded
2021.08.20 12:27:34 INFO  app[][o.e.p.PluginsService] loaded plugin [org.elasticsearch.transport.Netty4Plugin]
2021.08.20 12:27:53 INFO  app[][o.s.a.SchedulerImpl] Process[es] is up
2021.08.20 12:27:53 INFO  app[][o.s.a.ProcessLauncherImpl] Launch process[[key='web', ipcIndex=2, logFilenamePrefix=web]] from [/opt/sonarqube]: /usr/local/openjdk-11/bin/java -Djava.awt.headless=true -Dfile.encoding=UTF-8 -Djava.io.tmpdir=/opt/sonarqube/temp --add-opens=java.base/java.util=ALL-UNNAMED --add-opens=java.base/java.lang=ALL-UNNAMED --add-opens=java.base/java.io=ALL-UNNAMED --add-opens=java.rmi/sun.rmi.transport=ALL-UNNAMED -Xmx512m -Xms128m -XX:+HeapDumpOnOutOfMemoryError -Djava.security.egd=file:/dev/./urandom -Dhttp.nonProxyHosts=localhost|127.*|[::1] -cp ./lib/common/*:/opt/sonarqube/lib/jdbc/h2/h2-1.3.176.jar org.sonar.server.app.WebServer /opt/sonarqube/temp/sq-process4561828398957092750properties
2021.08.20 12:28:15 INFO  app[][o.s.a.SchedulerImpl] Process[web] is up
2021.08.20 12:28:15 INFO  app[][o.s.a.ProcessLauncherImpl] Launch process[[key='ce', ipcIndex=3, logFilenamePrefix=ce]] from [/opt/sonarqube]: /usr/local/openjdk-11/bin/java -Djava.awt.headless=true -Dfile.encoding=UTF-8 -Djava.io.tmpdir=/opt/sonarqube/temp --add-opens=java.base/java.util=ALL-UNNAMED -Xmx512m -Xms128m -XX:+HeapDumpOnOutOfMemoryError -Dhttp.nonProxyHosts=localhost|127.*|[::1] -cp ./lib/common/*:/opt/sonarqube/lib/jdbc/h2/h2-1.3.176.jar org.sonar.ce.app.CeServer /opt/sonarqube/temp/sq-process11394269724300469321properties
2021.08.20 12:28:22 INFO  app[][o.s.a.SchedulerImpl] Process[ce] is up
2021.08.20 12:28:22 INFO  app[][o.s.a.SchedulerImpl] SonarQube is up
