2021.08.11 00:13:53 INFO  web[AXsyZz7ghuq1W7tVAAHM][o.s.u.c.UpdateCenter] The plugin 'javascript' version : 6.2.2.13315 has not been found on the update center.
2021.08.11 00:13:53 INFO  web[AXsyZz7ghuq1W7tVAAHM][o.s.u.c.UpdateCenter] The plugin 'typescript' version : 2.1.0.4359 has not been found on the update center.
2021.08.11 00:13:53 INFO  web[AXsyZz7ghuq1W7tVAAHM][o.s.u.c.UpdateCenter] The plugin 'javascript' version : 6.2.2.13315 has not been found on the update center.
2021.08.11 00:13:53 INFO  web[AXsyZz7ghuq1W7tVAAHM][o.s.u.c.UpdateCenter] The plugin 'typescript' version : 2.1.0.4359 has not been found on the update center.
2021.08.11 00:13:53 INFO  web[AXsyZz7ghuq1W7tVAAHM][o.s.u.c.UpdateCenter] The plugin 'javascript' version : 6.2.2.13315 has not been found on the update center.
2021.08.11 00:13:53 INFO  web[AXsyZz7ghuq1W7tVAAHM][o.s.u.c.UpdateCenter] The plugin 'typescript' version : 2.1.0.4359 has not been found on the update center.
2021.08.11 00:13:53 INFO  web[AXsyZz7ghuq1W7tVAAHM][o.s.u.c.UpdateCenter] The plugin 'javascript' version : 6.2.2.13315 has not been found on the update center.
2021.08.11 00:13:53 INFO  web[AXsyZz7ghuq1W7tVAAHM][o.s.u.c.UpdateCenter] The plugin 'typescript' version : 2.1.0.4359 has not been found on the update center.
2021.08.11 00:13:53 INFO  web[AXsyZz7ghuq1W7tVAAHM][o.s.u.c.UpdateCenter] The plugin 'javascript' version : 6.2.2.13315 has not been found on the update center.
2021.08.11 00:13:53 INFO  web[AXsyZz7ghuq1W7tVAAHM][o.s.u.c.UpdateCenter] The plugin 'typescript' version : 2.1.0.4359 has not been found on the update center.
2021.08.11 00:13:53 INFO  web[AXsyZz7ghuq1W7tVAAHM][o.s.u.c.UpdateCenter] The plugin 'javascript' version : 6.2.2.13315 has not been found on the update center.
2021.08.11 00:13:53 INFO  web[AXsyZz7ghuq1W7tVAAHM][o.s.u.c.UpdateCenter] The plugin 'typescript' version : 2.1.0.4359 has not been found on the update center.
2021.08.11 00:13:53 INFO  web[AXsyZz7ghuq1W7tVAAHM][o.s.u.c.UpdateCenter] The plugin 'javascript' version : 6.2.2.13315 has not been found on the update center.
2021.08.11 00:13:53 INFO  web[AXsyZz7ghuq1W7tVAAHM][o.s.u.c.UpdateCenter] The plugin 'typescript' version : 2.1.0.4359 has not been found on the update center.
2021.08.11 00:13:53 INFO  web[AXsyZz7ghuq1W7tVAAHM][o.s.u.c.UpdateCenter] The plugin 'javascript' version : 6.2.2.13315 has not been found on the update center.
2021.08.11 00:13:53 INFO  web[AXsyZz7ghuq1W7tVAAHM][o.s.u.c.UpdateCenter] The plugin 'typescript' version : 2.1.0.4359 has not been found on the update center.
2021.08.11 00:13:53 INFO  web[AXsyZz7ghuq1W7tVAAHM][o.s.u.c.UpdateCenter] The plugin 'javascript' version : 6.2.2.13315 has not been found on the update center.
2021.08.11 00:13:53 INFO  web[AXsyZz7ghuq1W7tVAAHM][o.s.u.c.UpdateCenter] The plugin 'typescript' version : 2.1.0.4359 has not been found on the update center.
2021.08.11 00:13:53 INFO  web[AXsyZz7ghuq1W7tVAAHM][o.s.u.c.UpdateCenter] The plugin 'javascript' version : 6.2.2.13315 has not been found on the update center.
2021.08.11 00:13:53 INFO  web[AXsyZz7ghuq1W7tVAAHM][o.s.u.c.UpdateCenter] The plugin 'typescript' version : 2.1.0.4359 has not been found on the update center.
2021.08.11 00:13:53 INFO  web[AXsyZz7ghuq1W7tVAAHM][o.s.u.c.UpdateCenter] The plugin 'javascript' version : 6.2.2.13315 has not been found on the update center.
2021.08.11 00:13:53 INFO  web[AXsyZz7ghuq1W7tVAAHM][o.s.u.c.UpdateCenter] The plugin 'typescript' version : 2.1.0.4359 has not been found on the update center.
2021.08.11 00:13:53 INFO  web[AXsyZz7ghuq1W7tVAAHM][o.s.u.c.UpdateCenter] The plugin 'javascript' version : 6.2.2.13315 has not been found on the update center.
2021.08.11 00:13:53 INFO  web[AXsyZz7ghuq1W7tVAAHM][o.s.u.c.UpdateCenter] The plugin 'typescript' version : 2.1.0.4359 has not been found on the update center.
2021.08.11 00:13:53 INFO  web[AXsyZz7ghuq1W7tVAAHM][o.s.u.c.UpdateCenter] The plugin 'javascript' version : 6.2.2.13315 has not been found on the update center.
2021.08.11 00:13:53 INFO  web[AXsyZz7ghuq1W7tVAAHM][o.s.u.c.UpdateCenter] The plugin 'typescript' version : 2.1.0.4359 has not been found on the update center.
2021.08.11 00:13:53 INFO  web[AXsyZz7ghuq1W7tVAAHM][o.s.u.c.UpdateCenter] The plugin 'javascript' version : 6.2.2.13315 has not been found on the update center.
2021.08.11 00:13:53 INFO  web[AXsyZz7ghuq1W7tVAAHM][o.s.u.c.UpdateCenter] The plugin 'typescript' version : 2.1.0.4359 has not been found on the update center.
2021.08.11 00:13:53 INFO  web[AXsyZz7ghuq1W7tVAAHM][o.s.u.c.UpdateCenter] The plugin 'javascript' version : 6.2.2.13315 has not been found on the update center.
2021.08.11 00:13:53 INFO  web[AXsyZz7ghuq1W7tVAAHM][o.s.u.c.UpdateCenter] The plugin 'typescript' version : 2.1.0.4359 has not been found on the update center.
2021.08.11 00:13:53 INFO  web[AXsyZz7ghuq1W7tVAAHM][o.s.u.c.UpdateCenter] The plugin 'javascript' version : 6.2.2.13315 has not been found on the update center.
2021.08.11 00:13:53 INFO  web[AXsyZz7ghuq1W7tVAAHM][o.s.u.c.UpdateCenter] The plugin 'typescript' version : 2.1.0.4359 has not been found on the update center.
2021.08.11 00:13:53 INFO  web[AXsyZz7ghuq1W7tVAAHM][o.s.u.c.UpdateCenter] The plugin 'javascript' version : 6.2.2.13315 has not been found on the update center.
2021.08.11 00:13:53 INFO  web[AXsyZz7ghuq1W7tVAAHM][o.s.u.c.UpdateCenter] The plugin 'typescript' version : 2.1.0.4359 has not been found on the update center.
2021.08.11 00:13:53 INFO  web[AXsyZz7ghuq1W7tVAAHM][o.s.u.c.UpdateCenter] The plugin 'javascript' version : 6.2.2.13315 has not been found on the update center.
2021.08.11 00:13:53 INFO  web[AXsyZz7ghuq1W7tVAAHM][o.s.u.c.UpdateCenter] The plugin 'typescript' version : 2.1.0.4359 has not been found on the update center.
2021.08.11 00:13:53 INFO  web[AXsyZz7ghuq1W7tVAAHM][o.s.u.c.UpdateCenter] The plugin 'javascript' version : 6.2.2.13315 has not been found on the update center.
2021.08.11 00:13:53 INFO  web[AXsyZz7ghuq1W7tVAAHM][o.s.u.c.UpdateCenter] The plugin 'typescript' version : 2.1.0.4359 has not been found on the update center.
2021.08.11 00:13:53 INFO  web[AXsyZz7ghuq1W7tVAAHM][o.s.u.c.UpdateCenter] The plugin 'javascript' version : 6.2.2.13315 has not been found on the update center.
2021.08.11 00:13:53 INFO  web[AXsyZz7ghuq1W7tVAAHM][o.s.u.c.UpdateCenter] The plugin 'typescript' version : 2.1.0.4359 has not been found on the update center.
2021.08.11 00:13:53 INFO  web[AXsyZz7ghuq1W7tVAAHM][o.s.u.c.UpdateCenter] The plugin 'javascript' version : 6.2.2.13315 has not been found on the update center.
2021.08.11 00:13:53 INFO  web[AXsyZz7ghuq1W7tVAAHM][o.s.u.c.UpdateCenter] The plugin 'typescript' version : 2.1.0.4359 has not been found on the update center.
2021.08.11 01:32:51 INFO  web[][o.s.p.ProcessEntryPoint] Gracefully stopping process
2021.08.11 01:32:51 INFO  web[][o.s.s.n.NotificationDaemon] Notification service stopped
2021.08.11 01:32:54 INFO  web[][o.s.s.p.d.EmbeddedDatabase] Embedded database stopped
2021.08.11 01:32:54 WARN  web[][o.a.c.l.WebappClassLoaderBase] The web application [ROOT] appears to have started a thread named [logback-2] but has failed to stop it. This is very likely to create a memory leak. Stack trace of thread:\n java.base@11.0.10/jdk.internal.misc.Unsafe.park(Native Method)\n java.base@11.0.10/java.util.concurrent.locks.LockSupport.park(Unknown Source)\n java.base@11.0.10/java.util.concurrent.locks.AbstractQueuedSynchronizer$ConditionObject.await(Unknown Source)\n java.base@11.0.10/java.util.concurrent.ScheduledThreadPoolExecutor$DelayedWorkQueue.take(Unknown Source)\n java.base@11.0.10/java.util.concurrent.ScheduledThreadPoolExecutor$DelayedWorkQueue.take(Unknown Source)\n java.base@11.0.10/java.util.concurrent.ThreadPoolExecutor.getTask(Unknown Source)\n java.base@11.0.10/java.util.concurrent.ThreadPoolExecutor.runWorker(Unknown Source)\n java.base@11.0.10/java.util.concurrent.ThreadPoolExecutor$Worker.run(Unknown Source)\n java.base@11.0.10/java.lang.Thread.run(Unknown Source)
2021.08.11 01:32:54 INFO  web[][o.s.s.app.WebServer] WebServer stopped
2021.08.11 01:33:45 INFO  web[][o.s.p.ProcessEntryPoint] Starting web
2021.08.11 01:33:46 INFO  web[][o.a.t.u.n.NioSelectorPool] Using a shared selector for servlet write/read
2021.08.11 01:33:48 INFO  web[][o.e.p.PluginsService] no modules loaded
2021.08.11 01:33:48 INFO  web[][o.e.p.PluginsService] loaded plugin [org.elasticsearch.join.ParentJoinPlugin]
2021.08.11 01:33:48 INFO  web[][o.e.p.PluginsService] loaded plugin [org.elasticsearch.percolator.PercolatorPlugin]
2021.08.11 01:33:48 INFO  web[][o.e.p.PluginsService] loaded plugin [org.elasticsearch.transport.Netty4Plugin]
2021.08.11 01:33:50 INFO  web[][o.s.s.e.EsClientProvider] Connected to local Elasticsearch: [127.0.0.1:9001]
2021.08.11 01:33:50 INFO  web[][o.s.s.p.LogServerVersion] SonarQube Server / 7.9.5.38598 / cc0bd7b4d9e201f8b4939e5b674637feabf75207
2021.08.11 01:33:51 INFO  web[][o.s.s.p.d.EmbeddedDatabase] Starting embedded database on port 9092 with url jdbc:h2:tcp://127.0.0.1:9092/sonar
2021.08.11 01:33:51 INFO  web[][o.s.s.p.d.EmbeddedDatabase] Embedded database started. Data stored in: /opt/sonarqube/data
2021.08.11 01:33:51 INFO  web[][o.sonar.db.Database] Create JDBC data source for jdbc:h2:tcp://127.0.0.1:9092/sonar
2021.08.11 01:33:52 WARN  web[][o.s.db.dialect.H2] H2 database should be used for evaluation purpose only.
2021.08.11 01:33:54 INFO  web[][o.s.s.p.ServerFileSystemImpl] SonarQube home: /opt/sonarqube
2021.08.11 01:33:54 INFO  web[][o.s.s.u.SystemPasscodeImpl] System authentication by passcode is disabled
2021.08.11 01:33:55 INFO  web[][o.s.s.p.ServerPluginRepository] Deploy plugin SonarJS / 6.2.2.13315 / 89eaee748b1c660c0d57ebac1fbdd3e4063713d8
2021.08.11 01:33:55 INFO  web[][o.s.s.p.ServerPluginRepository] Deploy plugin SonarTS / 2.1.0.4359 / 268ba9581b700c4fb2bc194d4069d283da915213
2021.08.11 01:34:08 INFO  web[][o.s.s.p.w.MasterServletFilter] Initializing servlet filter org.sonar.server.ws.WebServiceFilter@426286d5 [pattern=UrlPattern{inclusions=[/api/system/migrate_db.*, ...], exclusions=[/api/properties*, ...]}]
2021.08.11 01:34:09 INFO  web[][o.s.s.a.EmbeddedTomcat] HTTP connector enabled on port 9000
2021.08.11 01:34:11 INFO  web[][o.s.s.p.UpdateCenterClient] Update center: https://update.sonarsource.org/update-center.properties (no proxy)
2021.08.11 01:34:13 INFO  web[][o.s.s.s.LogServerId] Server ID: BF41A1F2-AXsuGVBDnDpzTzhuue-T
2021.08.11 01:34:14 WARN  web[][o.s.a.s.w.WebService$Action] The response example is not set on action api/plugins/download
2021.08.11 01:34:14 WARN  web[][o.s.a.s.w.WebService$Action] The response example is not set on action api/permissions/search_templates
2021.08.11 01:34:14 INFO  web[][o.s.s.t.TelemetryDaemon] Sharing of SonarQube statistics is enabled.
2021.08.11 01:34:15 INFO  web[][o.s.s.n.NotificationDaemon] Notification service started (delay 60 sec.)
2021.08.11 01:34:15 INFO  web[][o.s.s.s.GeneratePluginIndex] Generate scanner plugin index
2021.08.11 01:34:15 INFO  web[][o.s.s.s.RegisterPlugins] Register plugins
2021.08.11 01:34:15 INFO  web[][o.s.s.s.RegisterMetrics] Register metrics
2021.08.11 01:34:15 INFO  web[][o.s.s.r.RegisterRules] Register rules
2021.08.11 01:34:22 INFO  web[][o.s.s.q.BuiltInQProfileRepositoryImpl] Load quality profiles
2021.08.11 01:34:22 INFO  web[][o.s.s.q.RegisterQualityProfiles] Register quality profiles
2021.08.11 01:34:22 INFO  web[][o.s.s.q.RegisterQualityProfiles] Update profile js/Sonar way
2021.08.11 01:34:23 INFO  web[][o.s.s.q.RegisterQualityProfiles] Update profile js/Sonar way Recommended
2021.08.11 01:34:23 INFO  web[][o.s.s.q.RegisterQualityProfiles] Update profile ts/Sonar way
2021.08.11 01:34:23 INFO  web[][o.s.s.q.RegisterQualityProfiles] Update profile ts/Sonar way recommended
2021.08.11 01:34:23 INFO  web[][o.s.s.s.RegisterPermissionTemplates] Register permission templates
2021.08.11 01:34:23 INFO  web[][o.s.s.s.RenameDeprecatedPropertyKeys] Rename deprecated property keys
2021.08.11 01:34:23 INFO  web[][o.s.s.p.w.MasterServletFilter] Initializing servlet filter org.sonar.server.ws.WebServiceFilter@34e11d1b [pattern=UrlPattern{inclusions=[/api/issues/delete_comment.*, ...], exclusions=[/api/properties*, ...]}]
2021.08.11 01:34:23 INFO  web[][o.s.s.p.w.MasterServletFilter] Initializing servlet filter org.sonar.server.ws.DeprecatedPropertiesWsFilter@295f9ff2 [pattern=UrlPattern{inclusions=[/api/properties/*], exclusions=[]}]
2021.08.11 01:34:23 INFO  web[][o.s.s.p.w.MasterServletFilter] Initializing servlet filter org.sonar.server.ws.WebServiceReroutingFilter@37d37d38 [pattern=UrlPattern{inclusions=[/api/components/bulk_update_key, ...], exclusions=[]}]
2021.08.11 01:34:23 INFO  web[][o.s.s.p.w.MasterServletFilter] Initializing servlet filter org.sonar.server.authentication.InitFilter@5f66964e [pattern=UrlPattern{inclusions=[/sessions/init/*], exclusions=[]}]
2021.08.11 01:34:23 INFO  web[][o.s.s.p.w.MasterServletFilter] Initializing servlet filter org.sonar.server.authentication.OAuth2CallbackFilter@5cc07230 [pattern=UrlPattern{inclusions=[/oauth2/callback/*], exclusions=[]}]
2021.08.11 01:34:23 INFO  web[][o.s.s.p.w.MasterServletFilter] Initializing servlet filter org.sonar.server.authentication.ws.LoginAction@632ce111 [pattern=UrlPattern{inclusions=[/api/authentication/login], exclusions=[]}]
2021.08.11 01:34:23 INFO  web[][o.s.s.p.w.MasterServletFilter] Initializing servlet filter org.sonar.server.authentication.ws.LogoutAction@7b6e5296 [pattern=UrlPattern{inclusions=[/api/authentication/logout], exclusions=[]}]
2021.08.11 01:34:23 INFO  web[][o.s.s.p.w.MasterServletFilter] Initializing servlet filter org.sonar.server.authentication.ws.ValidateAction@69de819d [pattern=UrlPattern{inclusions=[/api/authentication/validate], exclusions=[]}]
2021.08.11 01:34:23 INFO  web[][o.s.s.q.ProjectsInWarningDaemon] Counting number of projects in warning is not started as there are no projects in this situation.
2021.08.11 01:34:24 INFO  web[][o.s.s.p.p.PlatformLevelStartup] Running Community Edition
2021.08.11 01:34:24 INFO  web[][o.s.s.p.Platform] WebServer is operational
2021.08.11 13:24:52 INFO  web[][o.s.p.ProcessEntryPoint] Starting web
2021.08.11 13:24:54 INFO  web[][o.a.t.u.n.NioSelectorPool] Using a shared selector for servlet write/read
2021.08.11 13:24:54 INFO  web[][o.e.p.PluginsService] no modules loaded
2021.08.11 13:24:54 INFO  web[][o.e.p.PluginsService] loaded plugin [org.elasticsearch.join.ParentJoinPlugin]
2021.08.11 13:24:54 INFO  web[][o.e.p.PluginsService] loaded plugin [org.elasticsearch.percolator.PercolatorPlugin]
2021.08.11 13:24:54 INFO  web[][o.e.p.PluginsService] loaded plugin [org.elasticsearch.transport.Netty4Plugin]
2021.08.11 13:24:56 INFO  web[][o.s.s.e.EsClientProvider] Connected to local Elasticsearch: [127.0.0.1:9001]
2021.08.11 13:24:56 INFO  web[][o.s.s.p.LogServerVersion] SonarQube Server / 7.9.5.38598 / cc0bd7b4d9e201f8b4939e5b674637feabf75207
2021.08.11 13:25:03 INFO  web[][o.s.s.p.d.EmbeddedDatabase] Starting embedded database on port 9092 with url jdbc:h2:tcp://127.0.0.1:9092/sonar
2021.08.11 13:25:03 INFO  web[][o.s.s.p.d.EmbeddedDatabase] Embedded database started. Data stored in: /opt/sonarqube/data
2021.08.11 13:25:03 INFO  web[][o.sonar.db.Database] Create JDBC data source for jdbc:h2:tcp://127.0.0.1:9092/sonar
2021.08.11 13:25:04 WARN  web[][o.s.db.dialect.H2] H2 database should be used for evaluation purpose only.
2021.08.11 13:25:05 INFO  web[][o.s.s.p.ServerFileSystemImpl] SonarQube home: /opt/sonarqube
2021.08.11 13:25:05 INFO  web[][o.s.s.u.SystemPasscodeImpl] System authentication by passcode is disabled
2021.08.11 13:25:06 INFO  web[][o.s.s.p.ServerPluginRepository] Deploy plugin SonarJS / 6.2.2.13315 / 89eaee748b1c660c0d57ebac1fbdd3e4063713d8
2021.08.11 13:25:06 INFO  web[][o.s.s.p.ServerPluginRepository] Deploy plugin SonarTS / 2.1.0.4359 / 268ba9581b700c4fb2bc194d4069d283da915213
2021.08.11 13:25:08 INFO  web[][o.s.s.p.w.MasterServletFilter] Initializing servlet filter org.sonar.server.ws.WebServiceFilter@351e8da0 [pattern=UrlPattern{inclusions=[/api/system/migrate_db.*, ...], exclusions=[/api/properties*, ...]}]
2021.08.11 13:25:08 INFO  web[][o.s.s.a.EmbeddedTomcat] HTTP connector enabled on port 9000
2021.08.11 13:25:10 INFO  web[][o.s.s.p.UpdateCenterClient] Update center: https://update.sonarsource.org/update-center.properties (no proxy)
2021.08.11 13:25:12 INFO  web[][o.s.s.s.LogServerId] Server ID: BF41A1F2-AXsuGVBDnDpzTzhuue-T
2021.08.11 13:25:12 WARN  web[][o.s.a.s.w.WebService$Action] The response example is not set on action api/plugins/download
2021.08.11 13:25:12 WARN  web[][o.s.a.s.w.WebService$Action] The response example is not set on action api/permissions/search_templates
2021.08.11 13:25:13 INFO  web[][o.s.s.t.TelemetryDaemon] Sharing of SonarQube statistics is enabled.
2021.08.11 13:25:13 INFO  web[][o.s.s.n.NotificationDaemon] Notification service started (delay 60 sec.)
2021.08.11 13:25:13 INFO  web[][o.s.s.s.GeneratePluginIndex] Generate scanner plugin index
2021.08.11 13:25:13 INFO  web[][o.s.s.s.RegisterPlugins] Register plugins
2021.08.11 13:25:13 INFO  web[][o.s.s.s.RegisterMetrics] Register metrics
2021.08.11 13:25:13 INFO  web[][o.s.s.r.RegisterRules] Register rules
2021.08.11 13:30:07 INFO  web[][o.s.p.ProcessEntryPoint] Starting web
2021.08.11 13:30:09 INFO  web[][o.a.t.u.n.NioSelectorPool] Using a shared selector for servlet write/read
2021.08.11 13:30:13 INFO  web[][o.e.p.PluginsService] no modules loaded
2021.08.11 13:30:13 INFO  web[][o.e.p.PluginsService] loaded plugin [org.elasticsearch.join.ParentJoinPlugin]
2021.08.11 13:30:13 INFO  web[][o.e.p.PluginsService] loaded plugin [org.elasticsearch.percolator.PercolatorPlugin]
2021.08.11 13:30:13 INFO  web[][o.e.p.PluginsService] loaded plugin [org.elasticsearch.transport.Netty4Plugin]
2021.08.11 13:30:14 INFO  web[][o.s.s.e.EsClientProvider] Connected to local Elasticsearch: [127.0.0.1:9001]
2021.08.11 13:30:14 INFO  web[][o.s.s.p.LogServerVersion] SonarQube Server / 7.9.5.38598 / cc0bd7b4d9e201f8b4939e5b674637feabf75207
2021.08.11 13:30:18 INFO  web[][o.s.s.p.d.EmbeddedDatabase] Starting embedded database on port 9092 with url jdbc:h2:tcp://127.0.0.1:9092/sonar
2021.08.11 13:30:18 INFO  web[][o.s.s.p.d.EmbeddedDatabase] Embedded database started. Data stored in: /opt/sonarqube/data
2021.08.11 13:30:18 INFO  web[][o.sonar.db.Database] Create JDBC data source for jdbc:h2:tcp://127.0.0.1:9092/sonar
2021.08.11 13:30:19 WARN  web[][o.s.db.dialect.H2] H2 database should be used for evaluation purpose only.
2021.08.11 13:30:21 INFO  web[][o.s.s.p.ServerFileSystemImpl] SonarQube home: /opt/sonarqube
2021.08.11 13:30:21 INFO  web[][o.s.s.u.SystemPasscodeImpl] System authentication by passcode is disabled
2021.08.11 13:30:22 INFO  web[][o.s.s.p.ServerPluginRepository] Deploy plugin SonarJS / 6.2.2.13315 / 89eaee748b1c660c0d57ebac1fbdd3e4063713d8
2021.08.11 13:30:22 INFO  web[][o.s.s.p.ServerPluginRepository] Deploy plugin SonarTS / 2.1.0.4359 / 268ba9581b700c4fb2bc194d4069d283da915213
2021.08.11 13:30:25 INFO  web[][o.s.s.p.w.MasterServletFilter] Initializing servlet filter org.sonar.server.ws.WebServiceFilter@5c11670f [pattern=UrlPattern{inclusions=[/api/system/migrate_db.*, ...], exclusions=[/api/properties*, ...]}]
2021.08.11 13:30:25 INFO  web[][o.s.s.a.EmbeddedTomcat] HTTP connector enabled on port 9000
2021.08.11 13:30:28 INFO  web[][o.s.s.p.UpdateCenterClient] Update center: https://update.sonarsource.org/update-center.properties (no proxy)
2021.08.11 13:30:31 INFO  web[][o.s.s.s.LogServerId] Server ID: BF41A1F2-AXsuGVBDnDpzTzhuue-T
2021.08.11 13:30:31 WARN  web[][o.s.a.s.w.WebService$Action] The response example is not set on action api/plugins/download
2021.08.11 13:30:31 WARN  web[][o.s.a.s.w.WebService$Action] The response example is not set on action api/permissions/search_templates
2021.08.11 13:30:31 INFO  web[][o.s.s.t.TelemetryDaemon] Sharing of SonarQube statistics is enabled.
2021.08.11 13:30:31 INFO  web[][o.s.s.n.NotificationDaemon] Notification service started (delay 60 sec.)
2021.08.11 13:30:31 INFO  web[][o.s.s.s.GeneratePluginIndex] Generate scanner plugin index
2021.08.11 13:30:32 INFO  web[][o.s.s.s.RegisterPlugins] Register plugins
2021.08.11 13:30:32 INFO  web[][o.s.s.s.RegisterMetrics] Register metrics
2021.08.11 13:30:32 INFO  web[][o.s.s.r.RegisterRules] Register rules
2021.08.11 13:30:36 INFO  web[][o.s.s.q.BuiltInQProfileRepositoryImpl] Load quality profiles
2021.08.11 13:30:37 INFO  web[][o.s.s.q.RegisterQualityProfiles] Register quality profiles
2021.08.11 13:30:37 INFO  web[][o.s.s.q.RegisterQualityProfiles] Update profile js/Sonar way
2021.08.11 13:30:37 INFO  web[][o.s.s.q.RegisterQualityProfiles] Update profile js/Sonar way Recommended
2021.08.11 13:30:37 INFO  web[][o.s.s.q.RegisterQualityProfiles] Update profile ts/Sonar way
2021.08.11 13:30:37 INFO  web[][o.s.s.q.RegisterQualityProfiles] Update profile ts/Sonar way recommended
2021.08.11 13:30:37 INFO  web[][o.s.s.s.RegisterPermissionTemplates] Register permission templates
2021.08.11 13:30:37 INFO  web[][o.s.s.s.RenameDeprecatedPropertyKeys] Rename deprecated property keys
2021.08.11 13:30:37 INFO  web[][o.s.s.p.w.MasterServletFilter] Initializing servlet filter org.sonar.server.ws.WebServiceFilter@19bac2d7 [pattern=UrlPattern{inclusions=[/api/issues/delete_comment.*, ...], exclusions=[/api/properties*, ...]}]
2021.08.11 13:30:37 INFO  web[][o.s.s.p.w.MasterServletFilter] Initializing servlet filter org.sonar.server.ws.DeprecatedPropertiesWsFilter@4b7fd3b4 [pattern=UrlPattern{inclusions=[/api/properties/*], exclusions=[]}]
2021.08.11 13:30:37 INFO  web[][o.s.s.p.w.MasterServletFilter] Initializing servlet filter org.sonar.server.ws.WebServiceReroutingFilter@7b00f9f8 [pattern=UrlPattern{inclusions=[/api/components/bulk_update_key, ...], exclusions=[]}]
2021.08.11 13:30:37 INFO  web[][o.s.s.p.w.MasterServletFilter] Initializing servlet filter org.sonar.server.authentication.InitFilter@57764e39 [pattern=UrlPattern{inclusions=[/sessions/init/*], exclusions=[]}]
2021.08.11 13:30:37 INFO  web[][o.s.s.p.w.MasterServletFilter] Initializing servlet filter org.sonar.server.authentication.OAuth2CallbackFilter@63b75fb4 [pattern=UrlPattern{inclusions=[/oauth2/callback/*], exclusions=[]}]
2021.08.11 13:30:37 INFO  web[][o.s.s.p.w.MasterServletFilter] Initializing servlet filter org.sonar.server.authentication.ws.LoginAction@734db268 [pattern=UrlPattern{inclusions=[/api/authentication/login], exclusions=[]}]
2021.08.11 13:30:37 INFO  web[][o.s.s.p.w.MasterServletFilter] Initializing servlet filter org.sonar.server.authentication.ws.LogoutAction@1034d2e9 [pattern=UrlPattern{inclusions=[/api/authentication/logout], exclusions=[]}]
2021.08.11 13:30:37 INFO  web[][o.s.s.p.w.MasterServletFilter] Initializing servlet filter org.sonar.server.authentication.ws.ValidateAction@613cf5b9 [pattern=UrlPattern{inclusions=[/api/authentication/validate], exclusions=[]}]
2021.08.11 13:30:37 INFO  web[][o.s.s.q.ProjectsInWarningDaemon] Counting number of projects in warning is not started as there are no projects in this situation.
2021.08.11 13:30:37 INFO  web[][o.s.s.p.p.PlatformLevelStartup] Running Community Edition
2021.08.11 13:30:37 INFO  web[][o.s.s.p.Platform] WebServer is operational
2021.08.11 13:33:20 INFO  web[][o.s.p.ProcessEntryPoint] Starting web
2021.08.11 13:33:21 INFO  web[][o.a.t.u.n.NioSelectorPool] Using a shared selector for servlet write/read
2021.08.11 13:33:22 INFO  web[][o.e.p.PluginsService] no modules loaded
2021.08.11 13:33:22 INFO  web[][o.e.p.PluginsService] loaded plugin [org.elasticsearch.join.ParentJoinPlugin]
2021.08.11 13:33:22 INFO  web[][o.e.p.PluginsService] loaded plugin [org.elasticsearch.percolator.PercolatorPlugin]
2021.08.11 13:33:22 INFO  web[][o.e.p.PluginsService] loaded plugin [org.elasticsearch.transport.Netty4Plugin]
2021.08.11 13:33:24 INFO  web[][o.s.s.e.EsClientProvider] Connected to local Elasticsearch: [127.0.0.1:9001]
2021.08.11 13:33:24 INFO  web[][o.s.s.p.LogServerVersion] SonarQube Server / 7.9.5.38598 / cc0bd7b4d9e201f8b4939e5b674637feabf75207
2021.08.11 13:33:27 INFO  web[][o.s.s.p.d.EmbeddedDatabase] Starting embedded database on port 9092 with url jdbc:h2:tcp://127.0.0.1:9092/sonar
2021.08.11 13:33:27 INFO  web[][o.s.s.p.d.EmbeddedDatabase] Embedded database started. Data stored in: /opt/sonarqube/data
2021.08.11 13:33:27 INFO  web[][o.sonar.db.Database] Create JDBC data source for jdbc:h2:tcp://127.0.0.1:9092/sonar
2021.08.11 13:33:28 WARN  web[][o.s.db.dialect.H2] H2 database should be used for evaluation purpose only.
2021.08.11 13:33:30 INFO  web[][o.s.s.p.ServerFileSystemImpl] SonarQube home: /opt/sonarqube
2021.08.11 13:33:30 INFO  web[][o.s.s.u.SystemPasscodeImpl] System authentication by passcode is disabled
2021.08.11 13:33:37 INFO  web[][o.s.s.p.ServerPluginRepository] Deploy plugin SonarJS / 6.2.2.13315 / 89eaee748b1c660c0d57ebac1fbdd3e4063713d8
2021.08.11 13:33:37 INFO  web[][o.s.s.p.ServerPluginRepository] Deploy plugin SonarTS / 2.1.0.4359 / 268ba9581b700c4fb2bc194d4069d283da915213
2021.08.11 13:33:42 INFO  web[][o.s.s.p.w.MasterServletFilter] Initializing servlet filter org.sonar.server.ws.WebServiceFilter@5e1dc225 [pattern=UrlPattern{inclusions=[/api/system/migrate_db.*, ...], exclusions=[/api/properties*, ...]}]
2021.08.11 13:33:43 INFO  web[][o.s.s.a.EmbeddedTomcat] HTTP connector enabled on port 9000
2021.08.11 13:33:44 INFO  web[][o.s.s.p.UpdateCenterClient] Update center: https://update.sonarsource.org/update-center.properties (no proxy)
2021.08.11 13:33:45 INFO  web[][o.s.s.s.LogServerId] Server ID: BF41A1F2-AXsuGVBDnDpzTzhuue-T
2021.08.11 13:33:45 WARN  web[][o.s.a.s.w.WebService$Action] The response example is not set on action api/plugins/download
2021.08.11 13:33:46 WARN  web[][o.s.a.s.w.WebService$Action] The response example is not set on action api/permissions/search_templates
2021.08.11 13:33:46 INFO  web[][o.s.s.t.TelemetryDaemon] Sharing of SonarQube statistics is enabled.
2021.08.11 13:33:46 INFO  web[][o.s.s.n.NotificationDaemon] Notification service started (delay 60 sec.)
2021.08.11 13:33:46 INFO  web[][o.s.s.s.GeneratePluginIndex] Generate scanner plugin index
2021.08.11 13:33:46 INFO  web[][o.s.s.s.RegisterPlugins] Register plugins
2021.08.11 13:33:46 INFO  web[][o.s.s.s.RegisterMetrics] Register metrics
2021.08.11 13:33:46 INFO  web[][o.s.s.r.RegisterRules] Register rules
2021.08.11 13:33:49 INFO  web[][o.s.s.q.BuiltInQProfileRepositoryImpl] Load quality profiles
2021.08.11 13:33:49 INFO  web[][o.s.s.q.RegisterQualityProfiles] Register quality profiles
2021.08.11 13:33:49 INFO  web[][o.s.s.q.RegisterQualityProfiles] Update profile js/Sonar way
2021.08.11 13:33:50 INFO  web[][o.s.s.q.RegisterQualityProfiles] Update profile js/Sonar way Recommended
2021.08.11 13:33:50 INFO  web[][o.s.s.q.RegisterQualityProfiles] Update profile ts/Sonar way
2021.08.11 13:33:50 INFO  web[][o.s.s.q.RegisterQualityProfiles] Update profile ts/Sonar way recommended
2021.08.11 13:33:50 INFO  web[][o.s.s.s.RegisterPermissionTemplates] Register permission templates
2021.08.11 13:33:50 INFO  web[][o.s.s.s.RenameDeprecatedPropertyKeys] Rename deprecated property keys
2021.08.11 13:33:50 INFO  web[][o.s.s.p.w.MasterServletFilter] Initializing servlet filter org.sonar.server.ws.WebServiceFilter@3bc4cafe [pattern=UrlPattern{inclusions=[/api/issues/delete_comment.*, ...], exclusions=[/api/properties*, ...]}]
2021.08.11 13:33:50 INFO  web[][o.s.s.p.w.MasterServletFilter] Initializing servlet filter org.sonar.server.ws.DeprecatedPropertiesWsFilter@4cd03c8a [pattern=UrlPattern{inclusions=[/api/properties/*], exclusions=[]}]
2021.08.11 13:33:50 INFO  web[][o.s.s.p.w.MasterServletFilter] Initializing servlet filter org.sonar.server.ws.WebServiceReroutingFilter@5540521c [pattern=UrlPattern{inclusions=[/api/components/bulk_update_key, ...], exclusions=[]}]
2021.08.11 13:33:50 INFO  web[][o.s.s.p.w.MasterServletFilter] Initializing servlet filter org.sonar.server.authentication.InitFilter@65ef30a4 [pattern=UrlPattern{inclusions=[/sessions/init/*], exclusions=[]}]
2021.08.11 13:33:50 INFO  web[][o.s.s.p.w.MasterServletFilter] Initializing servlet filter org.sonar.server.authentication.OAuth2CallbackFilter@272dae54 [pattern=UrlPattern{inclusions=[/oauth2/callback/*], exclusions=[]}]
2021.08.11 13:33:50 INFO  web[][o.s.s.p.w.MasterServletFilter] Initializing servlet filter org.sonar.server.authentication.ws.LoginAction@6bb0653f [pattern=UrlPattern{inclusions=[/api/authentication/login], exclusions=[]}]
2021.08.11 13:33:50 INFO  web[][o.s.s.p.w.MasterServletFilter] Initializing servlet filter org.sonar.server.authentication.ws.LogoutAction@7beb7f3 [pattern=UrlPattern{inclusions=[/api/authentication/logout], exclusions=[]}]
2021.08.11 13:33:50 INFO  web[][o.s.s.p.w.MasterServletFilter] Initializing servlet filter org.sonar.server.authentication.ws.ValidateAction@28c57f4a [pattern=UrlPattern{inclusions=[/api/authentication/validate], exclusions=[]}]
2021.08.11 13:33:50 INFO  web[][o.s.s.q.ProjectsInWarningDaemon] Counting number of projects in warning is not started as there are no projects in this situation.
2021.08.11 13:33:50 INFO  web[][o.s.s.p.p.PlatformLevelStartup] Running Community Edition
2021.08.11 13:33:50 INFO  web[][o.s.s.p.Platform] WebServer is operational
2021.08.11 13:49:07 INFO  web[][o.s.p.ProcessEntryPoint] Starting web
2021.08.11 13:49:08 INFO  web[][o.a.t.u.n.NioSelectorPool] Using a shared selector for servlet write/read
2021.08.11 13:49:10 INFO  web[][o.e.p.PluginsService] no modules loaded
2021.08.11 13:49:10 INFO  web[][o.e.p.PluginsService] loaded plugin [org.elasticsearch.join.ParentJoinPlugin]
2021.08.11 13:49:10 INFO  web[][o.e.p.PluginsService] loaded plugin [org.elasticsearch.percolator.PercolatorPlugin]
2021.08.11 13:49:10 INFO  web[][o.e.p.PluginsService] loaded plugin [org.elasticsearch.transport.Netty4Plugin]
2021.08.11 13:49:12 INFO  web[][o.s.s.e.EsClientProvider] Connected to local Elasticsearch: [127.0.0.1:9001]
2021.08.11 13:49:12 INFO  web[][o.s.s.p.LogServerVersion] SonarQube Server / 7.9.5.38598 / cc0bd7b4d9e201f8b4939e5b674637feabf75207
2021.08.11 13:49:15 INFO  web[][o.s.s.p.d.EmbeddedDatabase] Starting embedded database on port 9092 with url jdbc:h2:tcp://127.0.0.1:9092/sonar
2021.08.11 13:49:15 INFO  web[][o.s.s.p.d.EmbeddedDatabase] Embedded database started. Data stored in: /opt/sonarqube/data
2021.08.11 13:49:15 INFO  web[][o.sonar.db.Database] Create JDBC data source for jdbc:h2:tcp://127.0.0.1:9092/sonar
2021.08.11 13:49:17 WARN  web[][o.s.db.dialect.H2] H2 database should be used for evaluation purpose only.
2021.08.11 13:49:20 INFO  web[][o.s.s.p.ServerFileSystemImpl] SonarQube home: /opt/sonarqube
2021.08.11 13:49:20 INFO  web[][o.s.s.u.SystemPasscodeImpl] System authentication by passcode is disabled
2021.08.11 13:49:23 INFO  web[][o.s.s.p.ServerPluginRepository] Deploy plugin SonarJS / 6.2.2.13315 / 89eaee748b1c660c0d57ebac1fbdd3e4063713d8
2021.08.11 13:49:23 INFO  web[][o.s.s.p.ServerPluginRepository] Deploy plugin SonarTS / 2.1.0.4359 / 268ba9581b700c4fb2bc194d4069d283da915213
2021.08.11 13:49:25 INFO  web[][o.s.s.p.w.MasterServletFilter] Initializing servlet filter org.sonar.server.ws.WebServiceFilter@2fb63555 [pattern=UrlPattern{inclusions=[/api/system/migrate_db.*, ...], exclusions=[/api/properties*, ...]}]
2021.08.11 13:49:25 INFO  web[][o.s.s.a.EmbeddedTomcat] HTTP connector enabled on port 9000
2021.08.11 13:49:26 INFO  web[][o.s.s.p.UpdateCenterClient] Update center: https://update.sonarsource.org/update-center.properties (no proxy)
2021.08.11 13:49:27 INFO  web[][o.s.s.s.LogServerId] Server ID: BF41A1F2-AXsuGVBDnDpzTzhuue-T
2021.08.11 13:49:27 WARN  web[][o.s.a.s.w.WebService$Action] The response example is not set on action api/plugins/download
2021.08.11 13:49:27 WARN  web[][o.s.a.s.w.WebService$Action] The response example is not set on action api/permissions/search_templates
2021.08.11 13:49:27 INFO  web[][o.s.s.t.TelemetryDaemon] Sharing of SonarQube statistics is enabled.
2021.08.11 13:49:27 INFO  web[][o.s.s.n.NotificationDaemon] Notification service started (delay 60 sec.)
2021.08.11 13:49:27 INFO  web[][o.s.s.s.GeneratePluginIndex] Generate scanner plugin index
2021.08.11 13:49:27 INFO  web[][o.s.s.s.RegisterPlugins] Register plugins
2021.08.11 13:49:27 INFO  web[][o.s.s.s.RegisterMetrics] Register metrics
2021.08.11 13:49:27 INFO  web[][o.s.s.r.RegisterRules] Register rules
2021.08.11 13:49:30 INFO  web[][o.s.s.q.BuiltInQProfileRepositoryImpl] Load quality profiles
2021.08.11 13:49:31 INFO  web[][o.s.s.q.RegisterQualityProfiles] Register quality profiles
2021.08.11 13:49:31 INFO  web[][o.s.s.q.RegisterQualityProfiles] Update profile js/Sonar way
2021.08.11 13:49:31 INFO  web[][o.s.s.q.RegisterQualityProfiles] Update profile js/Sonar way Recommended
2021.08.11 13:49:31 INFO  web[][o.s.s.q.RegisterQualityProfiles] Update profile ts/Sonar way
2021.08.11 13:49:31 INFO  web[][o.s.s.q.RegisterQualityProfiles] Update profile ts/Sonar way recommended
2021.08.11 13:49:31 INFO  web[][o.s.s.s.RegisterPermissionTemplates] Register permission templates
2021.08.11 13:49:31 INFO  web[][o.s.s.s.RenameDeprecatedPropertyKeys] Rename deprecated property keys
2021.08.11 13:49:31 INFO  web[][o.s.s.p.w.MasterServletFilter] Initializing servlet filter org.sonar.server.ws.WebServiceFilter@33b767b2 [pattern=UrlPattern{inclusions=[/api/issues/delete_comment.*, ...], exclusions=[/api/properties*, ...]}]
2021.08.11 13:49:31 INFO  web[][o.s.s.p.w.MasterServletFilter] Initializing servlet filter org.sonar.server.ws.DeprecatedPropertiesWsFilter@3f88d911 [pattern=UrlPattern{inclusions=[/api/properties/*], exclusions=[]}]
2021.08.11 13:49:31 INFO  web[][o.s.s.p.w.MasterServletFilter] Initializing servlet filter org.sonar.server.ws.WebServiceReroutingFilter@2b7168e7 [pattern=UrlPattern{inclusions=[/api/components/bulk_update_key, ...], exclusions=[]}]
2021.08.11 13:49:31 INFO  web[][o.s.s.p.w.MasterServletFilter] Initializing servlet filter org.sonar.server.authentication.InitFilter@7717e8e5 [pattern=UrlPattern{inclusions=[/sessions/init/*], exclusions=[]}]
2021.08.11 13:49:31 INFO  web[][o.s.s.p.w.MasterServletFilter] Initializing servlet filter org.sonar.server.authentication.OAuth2CallbackFilter@695b5a39 [pattern=UrlPattern{inclusions=[/oauth2/callback/*], exclusions=[]}]
2021.08.11 13:49:31 INFO  web[][o.s.s.p.w.MasterServletFilter] Initializing servlet filter org.sonar.server.authentication.ws.LoginAction@307c42c6 [pattern=UrlPattern{inclusions=[/api/authentication/login], exclusions=[]}]
2021.08.11 13:49:31 INFO  web[][o.s.s.p.w.MasterServletFilter] Initializing servlet filter org.sonar.server.authentication.ws.LogoutAction@230533cf [pattern=UrlPattern{inclusions=[/api/authentication/logout], exclusions=[]}]
2021.08.11 13:49:31 INFO  web[][o.s.s.p.w.MasterServletFilter] Initializing servlet filter org.sonar.server.authentication.ws.ValidateAction@2fe88e7b [pattern=UrlPattern{inclusions=[/api/authentication/validate], exclusions=[]}]
2021.08.11 13:49:32 INFO  web[][o.s.s.q.ProjectsInWarningDaemon] Counting number of projects in warning is not started as there are no projects in this situation.
2021.08.11 13:49:32 INFO  web[][o.s.s.p.p.PlatformLevelStartup] Running Community Edition
2021.08.11 13:49:32 INFO  web[][o.s.s.p.Platform] WebServer is operational
2021.08.11 13:51:53 INFO  web[][o.s.p.ProcessEntryPoint] Starting web
2021.08.11 13:51:57 INFO  web[][o.a.t.u.n.NioSelectorPool] Using a shared selector for servlet write/read
2021.08.11 13:51:59 INFO  web[][o.e.p.PluginsService] no modules loaded
2021.08.11 13:51:59 INFO  web[][o.e.p.PluginsService] loaded plugin [org.elasticsearch.join.ParentJoinPlugin]
2021.08.11 13:51:59 INFO  web[][o.e.p.PluginsService] loaded plugin [org.elasticsearch.percolator.PercolatorPlugin]
2021.08.11 13:51:59 INFO  web[][o.e.p.PluginsService] loaded plugin [org.elasticsearch.transport.Netty4Plugin]
2021.08.11 13:52:01 INFO  web[][o.s.s.e.EsClientProvider] Connected to local Elasticsearch: [127.0.0.1:9001]
2021.08.11 13:52:01 INFO  web[][o.s.s.p.LogServerVersion] SonarQube Server / 7.9.5.38598 / cc0bd7b4d9e201f8b4939e5b674637feabf75207
2021.08.11 13:52:04 INFO  web[][o.s.s.p.d.EmbeddedDatabase] Starting embedded database on port 9092 with url jdbc:h2:tcp://127.0.0.1:9092/sonar
2021.08.11 13:52:04 INFO  web[][o.s.s.p.d.EmbeddedDatabase] Embedded database started. Data stored in: /opt/sonarqube/data
2021.08.11 13:52:04 INFO  web[][o.sonar.db.Database] Create JDBC data source for jdbc:h2:tcp://127.0.0.1:9092/sonar
2021.08.11 13:52:04 WARN  web[][o.s.db.dialect.H2] H2 database should be used for evaluation purpose only.
2021.08.11 13:52:06 INFO  web[][o.s.s.p.ServerFileSystemImpl] SonarQube home: /opt/sonarqube
2021.08.11 13:52:06 INFO  web[][o.s.s.u.SystemPasscodeImpl] System authentication by passcode is disabled
2021.08.11 13:52:09 INFO  web[][o.s.s.p.ServerPluginRepository] Deploy plugin SonarJS / 6.2.2.13315 / 89eaee748b1c660c0d57ebac1fbdd3e4063713d8
2021.08.11 13:52:09 INFO  web[][o.s.s.p.ServerPluginRepository] Deploy plugin SonarTS / 2.1.0.4359 / 268ba9581b700c4fb2bc194d4069d283da915213
2021.08.11 13:52:11 INFO  web[][o.s.s.p.w.MasterServletFilter] Initializing servlet filter org.sonar.server.ws.WebServiceFilter@426286d5 [pattern=UrlPattern{inclusions=[/api/system/migrate_db.*, ...], exclusions=[/api/properties*, ...]}]
2021.08.11 13:52:11 INFO  web[][o.s.s.a.EmbeddedTomcat] HTTP connector enabled on port 9000
2021.08.11 13:52:12 INFO  web[][o.s.s.p.UpdateCenterClient] Update center: https://update.sonarsource.org/update-center.properties (no proxy)
2021.08.11 13:52:13 INFO  web[][o.s.s.s.LogServerId] Server ID: BF41A1F2-AXsuGVBDnDpzTzhuue-T
2021.08.11 13:52:13 WARN  web[][o.s.a.s.w.WebService$Action] The response example is not set on action api/plugins/download
2021.08.11 13:52:13 WARN  web[][o.s.a.s.w.WebService$Action] The response example is not set on action api/permissions/search_templates
2021.08.11 13:52:13 INFO  web[][o.s.s.t.TelemetryDaemon] Sharing of SonarQube statistics is enabled.
2021.08.11 13:52:13 INFO  web[][o.s.s.n.NotificationDaemon] Notification service started (delay 60 sec.)
2021.08.11 13:52:13 INFO  web[][o.s.s.s.GeneratePluginIndex] Generate scanner plugin index
2021.08.11 13:52:13 INFO  web[][o.s.s.s.RegisterPlugins] Register plugins
2021.08.11 13:52:13 INFO  web[][o.s.s.s.RegisterMetrics] Register metrics
2021.08.11 13:52:14 INFO  web[][o.s.s.r.RegisterRules] Register rules
2021.08.11 13:52:16 INFO  web[][o.s.s.q.BuiltInQProfileRepositoryImpl] Load quality profiles
2021.08.11 13:52:17 INFO  web[][o.s.s.q.RegisterQualityProfiles] Register quality profiles
2021.08.11 13:52:17 INFO  web[][o.s.s.q.RegisterQualityProfiles] Update profile js/Sonar way
2021.08.11 13:52:17 INFO  web[][o.s.s.q.RegisterQualityProfiles] Update profile js/Sonar way Recommended
2021.08.11 13:52:17 INFO  web[][o.s.s.q.RegisterQualityProfiles] Update profile ts/Sonar way
2021.08.11 13:52:17 INFO  web[][o.s.s.q.RegisterQualityProfiles] Update profile ts/Sonar way recommended
2021.08.11 13:52:17 INFO  web[][o.s.s.s.RegisterPermissionTemplates] Register permission templates
2021.08.11 13:52:17 INFO  web[][o.s.s.s.RenameDeprecatedPropertyKeys] Rename deprecated property keys
2021.08.11 13:52:17 INFO  web[][o.s.s.p.w.MasterServletFilter] Initializing servlet filter org.sonar.server.ws.WebServiceFilter@7447110f [pattern=UrlPattern{inclusions=[/api/issues/delete_comment.*, ...], exclusions=[/api/properties*, ...]}]
2021.08.11 13:52:17 INFO  web[][o.s.s.p.w.MasterServletFilter] Initializing servlet filter org.sonar.server.ws.DeprecatedPropertiesWsFilter@3237b61e [pattern=UrlPattern{inclusions=[/api/properties/*], exclusions=[]}]
2021.08.11 13:52:17 INFO  web[][o.s.s.p.w.MasterServletFilter] Initializing servlet filter org.sonar.server.ws.WebServiceReroutingFilter@68b14132 [pattern=UrlPattern{inclusions=[/api/components/bulk_update_key, ...], exclusions=[]}]
2021.08.11 13:52:17 INFO  web[][o.s.s.p.w.MasterServletFilter] Initializing servlet filter org.sonar.server.authentication.InitFilter@34c7713e [pattern=UrlPattern{inclusions=[/sessions/init/*], exclusions=[]}]
2021.08.11 13:52:17 INFO  web[][o.s.s.p.w.MasterServletFilter] Initializing servlet filter org.sonar.server.authentication.OAuth2CallbackFilter@54455163 [pattern=UrlPattern{inclusions=[/oauth2/callback/*], exclusions=[]}]
2021.08.11 13:52:17 INFO  web[][o.s.s.p.w.MasterServletFilter] Initializing servlet filter org.sonar.server.authentication.ws.LoginAction@707d34a2 [pattern=UrlPattern{inclusions=[/api/authentication/login], exclusions=[]}]
2021.08.11 13:52:17 INFO  web[][o.s.s.p.w.MasterServletFilter] Initializing servlet filter org.sonar.server.authentication.ws.LogoutAction@416f6189 [pattern=UrlPattern{inclusions=[/api/authentication/logout], exclusions=[]}]
2021.08.11 13:52:17 INFO  web[][o.s.s.p.w.MasterServletFilter] Initializing servlet filter org.sonar.server.authentication.ws.ValidateAction@402d3151 [pattern=UrlPattern{inclusions=[/api/authentication/validate], exclusions=[]}]
2021.08.11 13:52:17 INFO  web[][o.s.s.q.ProjectsInWarningDaemon] Counting number of projects in warning is not started as there are no projects in this situation.
2021.08.11 13:52:17 INFO  web[][o.s.s.p.p.PlatformLevelStartup] Running Community Edition
2021.08.11 13:52:17 INFO  web[][o.s.s.p.Platform] WebServer is operational
2021.08.11 14:16:58 INFO  web[][o.s.p.ProcessEntryPoint] Starting web
2021.08.11 14:16:58 INFO  web[][o.a.t.u.n.NioSelectorPool] Using a shared selector for servlet write/read
2021.08.11 14:16:59 INFO  web[][o.e.p.PluginsService] no modules loaded
2021.08.11 14:16:59 INFO  web[][o.e.p.PluginsService] loaded plugin [org.elasticsearch.join.ParentJoinPlugin]
2021.08.11 14:16:59 INFO  web[][o.e.p.PluginsService] loaded plugin [org.elasticsearch.percolator.PercolatorPlugin]
2021.08.11 14:16:59 INFO  web[][o.e.p.PluginsService] loaded plugin [org.elasticsearch.transport.Netty4Plugin]
2021.08.11 14:17:00 INFO  web[][o.s.s.e.EsClientProvider] Connected to local Elasticsearch: [127.0.0.1:9001]
2021.08.11 14:17:00 INFO  web[][o.s.s.p.LogServerVersion] SonarQube Server / 7.9.5.38598 / cc0bd7b4d9e201f8b4939e5b674637feabf75207
2021.08.11 14:17:03 INFO  web[][o.s.s.p.d.EmbeddedDatabase] Starting embedded database on port 9092 with url jdbc:h2:tcp://127.0.0.1:9092/sonar
2021.08.11 14:17:03 INFO  web[][o.s.s.p.d.EmbeddedDatabase] Embedded database started. Data stored in: /opt/sonarqube/data
2021.08.11 14:17:03 INFO  web[][o.sonar.db.Database] Create JDBC data source for jdbc:h2:tcp://127.0.0.1:9092/sonar
2021.08.11 14:17:03 WARN  web[][o.s.db.dialect.H2] H2 database should be used for evaluation purpose only.
2021.08.11 14:17:04 INFO  web[][o.s.s.p.ServerFileSystemImpl] SonarQube home: /opt/sonarqube
2021.08.11 14:17:04 INFO  web[][o.s.s.u.SystemPasscodeImpl] System authentication by passcode is disabled
2021.08.11 14:17:05 INFO  web[][o.s.s.p.ServerPluginRepository] Deploy plugin SonarJS / 6.2.2.13315 / 89eaee748b1c660c0d57ebac1fbdd3e4063713d8
2021.08.11 14:17:05 INFO  web[][o.s.s.p.ServerPluginRepository] Deploy plugin SonarTS / 2.1.0.4359 / 268ba9581b700c4fb2bc194d4069d283da915213
2021.08.11 14:17:07 INFO  web[][o.s.s.p.w.MasterServletFilter] Initializing servlet filter org.sonar.server.ws.WebServiceFilter@e1bb9e3 [pattern=UrlPattern{inclusions=[/api/system/migrate_db.*, ...], exclusions=[/api/properties*, ...]}]
2021.08.11 14:17:07 INFO  web[][o.s.s.a.EmbeddedTomcat] HTTP connector enabled on port 9000
2021.08.11 14:17:08 INFO  web[][o.s.s.p.UpdateCenterClient] Update center: https://update.sonarsource.org/update-center.properties (no proxy)
2021.08.11 14:17:08 INFO  web[][o.s.s.s.LogServerId] Server ID: BF41A1F2-AXsuGVBDnDpzTzhuue-T
2021.08.11 14:17:09 WARN  web[][o.s.a.s.w.WebService$Action] The response example is not set on action api/plugins/download
2021.08.11 14:17:09 WARN  web[][o.s.a.s.w.WebService$Action] The response example is not set on action api/permissions/search_templates
2021.08.11 14:17:09 INFO  web[][o.s.s.t.TelemetryDaemon] Sharing of SonarQube statistics is enabled.
2021.08.11 14:17:09 INFO  web[][o.s.s.n.NotificationDaemon] Notification service started (delay 60 sec.)
2021.08.11 14:17:09 INFO  web[][o.s.s.s.GeneratePluginIndex] Generate scanner plugin index
2021.08.11 14:17:09 INFO  web[][o.s.s.s.RegisterPlugins] Register plugins
2021.08.11 14:17:09 INFO  web[][o.s.s.s.RegisterMetrics] Register metrics
2021.08.11 14:17:09 INFO  web[][o.s.s.r.RegisterRules] Register rules
2021.08.11 14:17:12 INFO  web[][o.s.s.q.BuiltInQProfileRepositoryImpl] Load quality profiles
2021.08.11 14:17:12 INFO  web[][o.s.s.q.RegisterQualityProfiles] Register quality profiles
2021.08.11 14:17:12 INFO  web[][o.s.s.q.RegisterQualityProfiles] Update profile js/Sonar way
2021.08.11 14:17:12 INFO  web[][o.s.s.q.RegisterQualityProfiles] Update profile js/Sonar way Recommended
2021.08.11 14:17:13 INFO  web[][o.s.s.q.RegisterQualityProfiles] Update profile ts/Sonar way
2021.08.11 14:17:13 INFO  web[][o.s.s.q.RegisterQualityProfiles] Update profile ts/Sonar way recommended
2021.08.11 14:17:13 INFO  web[][o.s.s.s.RegisterPermissionTemplates] Register permission templates
2021.08.11 14:17:13 INFO  web[][o.s.s.s.RenameDeprecatedPropertyKeys] Rename deprecated property keys
2021.08.11 14:17:13 INFO  web[][o.s.s.p.w.MasterServletFilter] Initializing servlet filter org.sonar.server.ws.WebServiceFilter@40671b78 [pattern=UrlPattern{inclusions=[/api/issues/delete_comment.*, ...], exclusions=[/api/properties*, ...]}]
2021.08.11 14:17:13 INFO  web[][o.s.s.p.w.MasterServletFilter] Initializing servlet filter org.sonar.server.ws.DeprecatedPropertiesWsFilter@12217910 [pattern=UrlPattern{inclusions=[/api/properties/*], exclusions=[]}]
2021.08.11 14:17:13 INFO  web[][o.s.s.p.w.MasterServletFilter] Initializing servlet filter org.sonar.server.ws.WebServiceReroutingFilter@7cd259cd [pattern=UrlPattern{inclusions=[/api/components/bulk_update_key, ...], exclusions=[]}]
2021.08.11 14:17:13 INFO  web[][o.s.s.p.w.MasterServletFilter] Initializing servlet filter org.sonar.server.authentication.InitFilter@67392734 [pattern=UrlPattern{inclusions=[/sessions/init/*], exclusions=[]}]
2021.08.11 14:17:13 INFO  web[][o.s.s.p.w.MasterServletFilter] Initializing servlet filter org.sonar.server.authentication.OAuth2CallbackFilter@50ad16d2 [pattern=UrlPattern{inclusions=[/oauth2/callback/*], exclusions=[]}]
2021.08.11 14:17:13 INFO  web[][o.s.s.p.w.MasterServletFilter] Initializing servlet filter org.sonar.server.authentication.ws.LoginAction@9633e85 [pattern=UrlPattern{inclusions=[/api/authentication/login], exclusions=[]}]
2021.08.11 14:17:13 INFO  web[][o.s.s.p.w.MasterServletFilter] Initializing servlet filter org.sonar.server.authentication.ws.LogoutAction@76bf17cf [pattern=UrlPattern{inclusions=[/api/authentication/logout], exclusions=[]}]
2021.08.11 14:17:13 INFO  web[][o.s.s.p.w.MasterServletFilter] Initializing servlet filter org.sonar.server.authentication.ws.ValidateAction@2c51f90b [pattern=UrlPattern{inclusions=[/api/authentication/validate], exclusions=[]}]
2021.08.11 14:17:13 INFO  web[][o.s.s.q.ProjectsInWarningDaemon] Counting number of projects in warning is not started as there are no projects in this situation.
2021.08.11 14:17:13 INFO  web[][o.s.s.p.p.PlatformLevelStartup] Running Community Edition
2021.08.11 14:17:13 INFO  web[][o.s.s.p.Platform] WebServer is operational
2021.08.11 14:34:21 INFO  web[][o.s.p.ProcessEntryPoint] Starting web
2021.08.11 14:34:23 INFO  web[][o.a.t.u.n.NioSelectorPool] Using a shared selector for servlet write/read
2021.08.11 14:34:26 INFO  web[][o.e.p.PluginsService] no modules loaded
2021.08.11 14:34:26 INFO  web[][o.e.p.PluginsService] loaded plugin [org.elasticsearch.join.ParentJoinPlugin]
2021.08.11 14:34:26 INFO  web[][o.e.p.PluginsService] loaded plugin [org.elasticsearch.percolator.PercolatorPlugin]
2021.08.11 14:34:26 INFO  web[][o.e.p.PluginsService] loaded plugin [org.elasticsearch.transport.Netty4Plugin]
2021.08.11 14:34:33 INFO  web[][o.s.s.e.EsClientProvider] Connected to local Elasticsearch: [127.0.0.1:9001]
2021.08.11 14:34:33 INFO  web[][o.s.s.p.LogServerVersion] SonarQube Server / 7.9.5.38598 / cc0bd7b4d9e201f8b4939e5b674637feabf75207
2021.08.11 14:34:36 INFO  web[][o.s.s.p.d.EmbeddedDatabase] Starting embedded database on port 9092 with url jdbc:h2:tcp://127.0.0.1:9092/sonar
2021.08.11 14:34:36 INFO  web[][o.s.s.p.d.EmbeddedDatabase] Embedded database started. Data stored in: /opt/sonarqube/data
2021.08.11 14:34:36 INFO  web[][o.sonar.db.Database] Create JDBC data source for jdbc:h2:tcp://127.0.0.1:9092/sonar
2021.08.11 14:34:36 WARN  web[][o.s.db.dialect.H2] H2 database should be used for evaluation purpose only.
2021.08.11 14:34:38 INFO  web[][o.s.s.p.ServerFileSystemImpl] SonarQube home: /opt/sonarqube
2021.08.11 14:34:38 INFO  web[][o.s.s.u.SystemPasscodeImpl] System authentication by passcode is disabled
2021.08.11 14:34:38 INFO  web[][o.s.s.p.ServerPluginRepository] Deploy plugin SonarJS / 6.2.2.13315 / 89eaee748b1c660c0d57ebac1fbdd3e4063713d8
2021.08.11 14:34:38 INFO  web[][o.s.s.p.ServerPluginRepository] Deploy plugin SonarTS / 2.1.0.4359 / 268ba9581b700c4fb2bc194d4069d283da915213
2021.08.11 14:34:40 INFO  web[][o.s.s.p.w.MasterServletFilter] Initializing servlet filter org.sonar.server.ws.WebServiceFilter@6905bd8c [pattern=UrlPattern{inclusions=[/api/system/migrate_db.*, ...], exclusions=[/api/properties*, ...]}]
2021.08.11 14:34:40 INFO  web[][o.s.s.a.EmbeddedTomcat] HTTP connector enabled on port 9000
2021.08.11 14:34:41 INFO  web[][o.s.s.p.UpdateCenterClient] Update center: https://update.sonarsource.org/update-center.properties (no proxy)
2021.08.11 14:34:42 INFO  web[][o.s.s.s.LogServerId] Server ID: BF41A1F2-AXsuGVBDnDpzTzhuue-T
2021.08.11 14:34:42 WARN  web[][o.s.a.s.w.WebService$Action] The response example is not set on action api/plugins/download
2021.08.11 14:34:42 WARN  web[][o.s.a.s.w.WebService$Action] The response example is not set on action api/permissions/search_templates
2021.08.11 14:34:42 INFO  web[][o.s.s.t.TelemetryDaemon] Sharing of SonarQube statistics is enabled.
2021.08.11 14:34:42 INFO  web[][o.s.s.n.NotificationDaemon] Notification service started (delay 60 sec.)
2021.08.11 14:34:43 INFO  web[][o.s.s.s.GeneratePluginIndex] Generate scanner plugin index
2021.08.11 14:34:43 INFO  web[][o.s.s.s.RegisterPlugins] Register plugins
2021.08.11 14:34:43 INFO  web[][o.s.s.s.RegisterMetrics] Register metrics
2021.08.11 14:34:43 INFO  web[][o.s.s.r.RegisterRules] Register rules
2021.08.11 14:34:45 INFO  web[][o.s.s.q.BuiltInQProfileRepositoryImpl] Load quality profiles
2021.08.11 14:34:46 INFO  web[][o.s.s.q.RegisterQualityProfiles] Register quality profiles
2021.08.11 14:34:46 INFO  web[][o.s.s.q.RegisterQualityProfiles] Update profile js/Sonar way
2021.08.11 14:34:46 INFO  web[][o.s.s.q.RegisterQualityProfiles] Update profile js/Sonar way Recommended
2021.08.11 14:34:46 INFO  web[][o.s.s.q.RegisterQualityProfiles] Update profile ts/Sonar way
2021.08.11 14:34:46 INFO  web[][o.s.s.q.RegisterQualityProfiles] Update profile ts/Sonar way recommended
2021.08.11 14:34:47 INFO  web[][o.s.s.s.RegisterPermissionTemplates] Register permission templates
2021.08.11 14:34:47 INFO  web[][o.s.s.s.RenameDeprecatedPropertyKeys] Rename deprecated property keys
2021.08.11 14:34:47 INFO  web[][o.s.s.p.w.MasterServletFilter] Initializing servlet filter org.sonar.server.ws.WebServiceFilter@7c053491 [pattern=UrlPattern{inclusions=[/api/issues/delete_comment.*, ...], exclusions=[/api/properties*, ...]}]
2021.08.11 14:34:47 INFO  web[][o.s.s.p.w.MasterServletFilter] Initializing servlet filter org.sonar.server.ws.DeprecatedPropertiesWsFilter@3f95e222 [pattern=UrlPattern{inclusions=[/api/properties/*], exclusions=[]}]
2021.08.11 14:34:47 INFO  web[][o.s.s.p.w.MasterServletFilter] Initializing servlet filter org.sonar.server.ws.WebServiceReroutingFilter@9fa3791 [pattern=UrlPattern{inclusions=[/api/components/bulk_update_key, ...], exclusions=[]}]
2021.08.11 14:34:47 INFO  web[][o.s.s.p.w.MasterServletFilter] Initializing servlet filter org.sonar.server.authentication.InitFilter@2d4d3897 [pattern=UrlPattern{inclusions=[/sessions/init/*], exclusions=[]}]
2021.08.11 14:34:47 INFO  web[][o.s.s.p.w.MasterServletFilter] Initializing servlet filter org.sonar.server.authentication.OAuth2CallbackFilter@34992bd2 [pattern=UrlPattern{inclusions=[/oauth2/callback/*], exclusions=[]}]
2021.08.11 14:34:47 INFO  web[][o.s.s.p.w.MasterServletFilter] Initializing servlet filter org.sonar.server.authentication.ws.LoginAction@1b52727b [pattern=UrlPattern{inclusions=[/api/authentication/login], exclusions=[]}]
2021.08.11 14:34:47 INFO  web[][o.s.s.p.w.MasterServletFilter] Initializing servlet filter org.sonar.server.authentication.ws.LogoutAction@3446c784 [pattern=UrlPattern{inclusions=[/api/authentication/logout], exclusions=[]}]
2021.08.11 14:34:47 INFO  web[][o.s.s.p.w.MasterServletFilter] Initializing servlet filter org.sonar.server.authentication.ws.ValidateAction@1830abc5 [pattern=UrlPattern{inclusions=[/api/authentication/validate], exclusions=[]}]
2021.08.11 14:34:47 INFO  web[][o.s.s.q.ProjectsInWarningDaemon] Counting number of projects in warning is not started as there are no projects in this situation.
2021.08.11 14:34:47 INFO  web[][o.s.s.p.p.PlatformLevelStartup] Running Community Edition
2021.08.11 14:34:47 INFO  web[][o.s.s.p.Platform] WebServer is operational
2021.08.11 15:41:09 INFO  web[][o.s.p.ProcessEntryPoint] Starting web
2021.08.11 15:41:10 INFO  web[][o.a.t.u.n.NioSelectorPool] Using a shared selector for servlet write/read
2021.08.11 15:41:13 INFO  web[][o.e.p.PluginsService] no modules loaded
2021.08.11 15:41:13 INFO  web[][o.e.p.PluginsService] loaded plugin [org.elasticsearch.join.ParentJoinPlugin]
2021.08.11 15:41:13 INFO  web[][o.e.p.PluginsService] loaded plugin [org.elasticsearch.percolator.PercolatorPlugin]
2021.08.11 15:41:13 INFO  web[][o.e.p.PluginsService] loaded plugin [org.elasticsearch.transport.Netty4Plugin]
2021.08.11 15:41:15 INFO  web[][o.s.s.e.EsClientProvider] Connected to local Elasticsearch: [127.0.0.1:9001]
2021.08.11 15:41:15 INFO  web[][o.s.s.p.LogServerVersion] SonarQube Server / 7.9.5.38598 / cc0bd7b4d9e201f8b4939e5b674637feabf75207
2021.08.11 15:41:17 INFO  web[][o.s.s.p.d.EmbeddedDatabase] Starting embedded database on port 9092 with url jdbc:h2:tcp://127.0.0.1:9092/sonar
2021.08.11 15:41:18 INFO  web[][o.s.s.p.d.EmbeddedDatabase] Embedded database started. Data stored in: /opt/sonarqube/data
2021.08.11 15:41:18 INFO  web[][o.sonar.db.Database] Create JDBC data source for jdbc:h2:tcp://127.0.0.1:9092/sonar
2021.08.11 15:41:18 WARN  web[][o.s.db.dialect.H2] H2 database should be used for evaluation purpose only.
2021.08.11 15:41:19 INFO  web[][o.s.s.p.ServerFileSystemImpl] SonarQube home: /opt/sonarqube
2021.08.11 15:41:19 INFO  web[][o.s.s.u.SystemPasscodeImpl] System authentication by passcode is disabled
2021.08.11 15:41:23 INFO  web[][o.s.s.p.ServerPluginRepository] Deploy plugin SonarJS / 6.2.2.13315 / 89eaee748b1c660c0d57ebac1fbdd3e4063713d8
2021.08.11 15:41:23 INFO  web[][o.s.s.p.ServerPluginRepository] Deploy plugin SonarTS / 2.1.0.4359 / 268ba9581b700c4fb2bc194d4069d283da915213
2021.08.11 15:41:25 INFO  web[][o.s.s.p.w.MasterServletFilter] Initializing servlet filter org.sonar.server.ws.WebServiceFilter@e1bb9e3 [pattern=UrlPattern{inclusions=[/api/system/migrate_db.*, ...], exclusions=[/api/properties*, ...]}]
2021.08.11 15:41:26 INFO  web[][o.s.s.a.EmbeddedTomcat] HTTP connector enabled on port 9000
2021.08.11 15:41:32 INFO  web[][o.s.s.p.UpdateCenterClient] Update center: https://update.sonarsource.org/update-center.properties (no proxy)
2021.08.11 15:41:33 INFO  web[][o.s.s.s.LogServerId] Server ID: BF41A1F2-AXsuGVBDnDpzTzhuue-T
2021.08.11 15:41:37 WARN  web[][o.s.a.s.w.WebService$Action] The response example is not set on action api/plugins/download
2021.08.11 15:41:37 WARN  web[][o.s.a.s.w.WebService$Action] The response example is not set on action api/permissions/search_templates
2021.08.11 15:41:37 INFO  web[][o.s.s.t.TelemetryDaemon] Sharing of SonarQube statistics is enabled.
2021.08.11 15:41:37 INFO  web[][o.s.s.n.NotificationDaemon] Notification service started (delay 60 sec.)
2021.08.11 15:41:37 INFO  web[][o.s.s.s.GeneratePluginIndex] Generate scanner plugin index
2021.08.11 15:41:37 INFO  web[][o.s.s.s.RegisterPlugins] Register plugins
2021.08.11 15:41:37 INFO  web[][o.s.s.s.RegisterMetrics] Register metrics
2021.08.11 15:41:38 INFO  web[][o.s.s.r.RegisterRules] Register rules
2021.08.11 15:41:41 INFO  web[][o.s.s.q.BuiltInQProfileRepositoryImpl] Load quality profiles
2021.08.11 15:41:42 INFO  web[][o.s.s.q.RegisterQualityProfiles] Register quality profiles
2021.08.11 15:41:42 INFO  web[][o.s.s.q.RegisterQualityProfiles] Update profile js/Sonar way
2021.08.11 15:41:42 INFO  web[][o.s.s.q.RegisterQualityProfiles] Update profile js/Sonar way Recommended
2021.08.11 15:41:42 INFO  web[][o.s.s.q.RegisterQualityProfiles] Update profile ts/Sonar way
2021.08.11 15:41:42 INFO  web[][o.s.s.q.RegisterQualityProfiles] Update profile ts/Sonar way recommended
2021.08.11 15:41:42 INFO  web[][o.s.s.s.RegisterPermissionTemplates] Register permission templates
2021.08.11 15:41:42 INFO  web[][o.s.s.s.RenameDeprecatedPropertyKeys] Rename deprecated property keys
2021.08.11 15:41:42 INFO  web[][o.s.s.p.w.MasterServletFilter] Initializing servlet filter org.sonar.server.ws.WebServiceFilter@12c42dfd [pattern=UrlPattern{inclusions=[/api/issues/delete_comment.*, ...], exclusions=[/api/properties*, ...]}]
2021.08.11 15:41:42 INFO  web[][o.s.s.p.w.MasterServletFilter] Initializing servlet filter org.sonar.server.ws.DeprecatedPropertiesWsFilter@41c89904 [pattern=UrlPattern{inclusions=[/api/properties/*], exclusions=[]}]
2021.08.11 15:41:42 INFO  web[][o.s.s.p.w.MasterServletFilter] Initializing servlet filter org.sonar.server.ws.WebServiceReroutingFilter@26460f51 [pattern=UrlPattern{inclusions=[/api/components/bulk_update_key, ...], exclusions=[]}]
2021.08.11 15:41:42 INFO  web[][o.s.s.p.w.MasterServletFilter] Initializing servlet filter org.sonar.server.authentication.InitFilter@2bb307f8 [pattern=UrlPattern{inclusions=[/sessions/init/*], exclusions=[]}]
2021.08.11 15:41:42 INFO  web[][o.s.s.p.w.MasterServletFilter] Initializing servlet filter org.sonar.server.authentication.OAuth2CallbackFilter@45e136df [pattern=UrlPattern{inclusions=[/oauth2/callback/*], exclusions=[]}]
2021.08.11 15:41:42 INFO  web[][o.s.s.p.w.MasterServletFilter] Initializing servlet filter org.sonar.server.authentication.ws.LoginAction@48322a9b [pattern=UrlPattern{inclusions=[/api/authentication/login], exclusions=[]}]
2021.08.11 15:41:42 INFO  web[][o.s.s.p.w.MasterServletFilter] Initializing servlet filter org.sonar.server.authentication.ws.LogoutAction@b56c592 [pattern=UrlPattern{inclusions=[/api/authentication/logout], exclusions=[]}]
2021.08.11 15:41:42 INFO  web[][o.s.s.p.w.MasterServletFilter] Initializing servlet filter org.sonar.server.authentication.ws.ValidateAction@42026e75 [pattern=UrlPattern{inclusions=[/api/authentication/validate], exclusions=[]}]
2021.08.11 15:41:42 INFO  web[][o.s.s.q.ProjectsInWarningDaemon] Counting number of projects in warning is not started as there are no projects in this situation.
2021.08.11 15:41:42 INFO  web[][o.s.s.p.p.PlatformLevelStartup] Running Community Edition
2021.08.11 15:41:42 INFO  web[][o.s.s.p.Platform] WebServer is operational
